<?xml version="1.0" encoding="UTF-8"?>
<!-- Generated by org.testng.reporters.JUnitReportReporter -->
<testsuite hostname="Sadanand" failures="0" tests="9" name="com.tests.logintest" time="180.768" errors="0" timestamp="2024-09-29T21:38:04 IST" skipped="0">
  <testcase classname="com.tests.logintest" name="Validatelogo" time="21.679"/>
  <system-out/>
  <testcase classname="com.tests.logintest" name="validateTitle" time="15.663"/>
  <system-out/>
  <testcase classname="com.tests.logintest" name="ValidateURL" time="17.147"/>
  <system-out/>
  <testcase classname="com.tests.logintest" name="validateSuccessfullLogin" time="31.935"/>
  <system-out/>
  <testcase classname="com.tests.logintest" name="ValidateloginwithBlankCredentials" time="17.743"/>
  <system-out/>
  <testcase classname="com.tests.logintest" name="Validateloginwithblankpass" time="15.257"/>
  <system-out/>
  <testcase classname="com.tests.logintest" name="ValidateloginwithblankUsername" time="19.762"/>
  <system-out/>
  <testcase classname="com.tests.logintest" name="validateloginwithinvalidcredentials" time="23.699"/>
  <system-out/>
  <testcase classname="com.tests.logintest" name="Validateclickonforgottenpasslink" time="17.883"/>
  <system-out/>
</testsuite> <!-- com.tests.logintest -->
